0 info it worked if it ends with ok
1 verbose cli [ 'C:\\Program Files\\nodejs\\\\node.exe',
1 verbose cli   'C:\\Program Files\\nodejs\\node_modules\\npm\\bin\\npm-cli.js',
1 verbose cli   'install',
1 verbose cli   'git' ]
2 info using npm@1.4.28
3 info using node@v0.10.33
4 verbose node symlink C:\Program Files\nodejs\\node.exe
5 verbose readDependencies using package.json deps
6 verbose cache add [ 'git', null ]
7 verbose cache add name=undefined spec="git" args=["git",null]
8 verbose parsed url { protocol: null,
8 verbose parsed url   slashes: null,
8 verbose parsed url   auth: null,
8 verbose parsed url   host: null,
8 verbose parsed url   port: null,
8 verbose parsed url   hostname: null,
8 verbose parsed url   hash: null,
8 verbose parsed url   search: null,
8 verbose parsed url   query: null,
8 verbose parsed url   pathname: 'git',
8 verbose parsed url   path: 'git',
8 verbose parsed url   href: 'git' }
9 silly lockFile 46f1a0bd-git git
10 verbose lock git C:\Users\I312983\AppData\Roaming\npm-cache\46f1a0bd-git.lock
11 silly lockFile 46f1a0bd-git git
12 silly lockFile 46f1a0bd-git git
13 verbose addNamed [ 'git', '' ]
14 verbose addNamed [ null, '*' ]
15 silly lockFile c6f8daad-git git@
16 verbose lock git@ C:\Users\I312983\AppData\Roaming\npm-cache\c6f8daad-git.lock
17 silly addNameRange { name: 'git', range: '*', hasData: false }
18 verbose request where is /git
19 verbose request registry http://registry.npmjs.org/
20 verbose request id 9c179ed82755ab79
21 verbose url raw /git
22 verbose url resolving [ 'http://registry.npmjs.org/', './git' ]
23 verbose url resolved http://registry.npmjs.org/git
24 verbose request where is http://registry.npmjs.org/git
25 info trying registry request attempt 1 at 23:13:07
26 http GET http://registry.npmjs.org/git
27 info retry will retry, error on last attempt: Error: connect ETIMEDOUT
28 info trying registry request attempt 2 at 23:13:38
29 http GET http://registry.npmjs.org/git
30 info retry will retry, error on last attempt: Error: connect ETIMEDOUT
31 info trying registry request attempt 3 at 23:14:59
32 http GET http://registry.npmjs.org/git
33 silly lockFile c6f8daad-git git@
34 silly lockFile c6f8daad-git git@
35 error network connect ETIMEDOUT
35 error network This is most likely not a problem with npm itself
35 error network and is related to network connectivity.
35 error network In most cases you are behind a proxy or have bad network settings.
35 error network
35 error network If you are behind a proxy, please make sure that the
35 error network 'proxy' config is set properly.  See: 'npm help config'
36 error System Windows_NT 6.1.7601
37 error command "C:\\Program Files\\nodejs\\\\node.exe" "C:\\Program Files\\nodejs\\node_modules\\npm\\bin\\npm-cli.js" "install" "git"
38 error cwd C:\easy\easy
39 error node -v v0.10.33
40 error npm -v 1.4.28
41 error syscall connect
42 error code ETIMEDOUT
43 error errno ETIMEDOUT
44 verbose exit [ 1, true ]
